<?xml version="1.0" encoding="UTF-8"?>
<!-- Generated by org.testng.reporters.JUnitXMLReporter -->
<testsuite hostname="RCBAN0045" name="Automation Practice App Test Cases" tests="16" failures="0" timestamp="9 Sep 2018 17:25:24 GMT" time="394.98" errors="0">
  <testcase name="@BeforeMethod setUp" time="0.0" classname="com.automationpractice.testcases.MyPersonalPageTest">
    <failure type="org.openqa.selenium.TimeoutException" message="Timeout loading page after 20000ms
Build info: version: &amp;apos;3.13.0&amp;apos;, revision: &amp;apos;2f0d292&amp;apos;, time: &amp;apos;2018-06-25T15:24:21.231Z&amp;apos;
System info: host: &amp;apos;RCBAN0045&amp;apos;, ip: &amp;apos;192.168.218.1&amp;apos;, os.name: &amp;apos;Windows 10&amp;apos;, os.arch: &amp;apos;amd64&amp;apos;, os.version: &amp;apos;10.0&amp;apos;, java.version: &amp;apos;1.8.0_171&amp;apos;
Driver info: org.openqa.selenium.firefox.FirefoxDriver
Capabilities {acceptInsecureCerts: true, browserName: firefox, browserVersion: 62.0, javascriptEnabled: true, moz:accessibilityChecks: false, moz:headless: false, moz:processID: 14444, moz:profile: C:\Users\Ganesh\AppData\Loc..., moz:useNonSpecCompliantPointerOrigin: false, moz:webdriverClick: true, pageLoadStrategy: normal, platform: XP, platformName: XP, platformVersion: 10.0, rotatable: false, timeouts: {implicit: 0, pageLoad: 300000, script: 30000}}
Session ID: 24b48cf4-73c3-467c-9299-9981e309feb8">
      <![CDATA[org.openqa.selenium.TimeoutException: Timeout loading page after 20000ms
Build info: version: '3.13.0', revision: '2f0d292', time: '2018-06-25T15:24:21.231Z'
System info: host: 'RCBAN0045', ip: '192.168.218.1', os.name: 'Windows 10', os.arch: 'amd64', os.version: '10.0', java.version: '1.8.0_171'
Driver info: org.openqa.selenium.firefox.FirefoxDriver
Capabilities {acceptInsecureCerts: true, browserName: firefox, browserVersion: 62.0, javascriptEnabled: true, moz:accessibilityChecks: false, moz:headless: false, moz:processID: 14444, moz:profile: C:\Users\Ganesh\AppData\Loc..., moz:useNonSpecCompliantPointerOrigin: false, moz:webdriverClick: true, pageLoadStrategy: normal, platform: XP, platformName: XP, platformVersion: 10.0, rotatable: false, timeouts: {implicit: 0, pageLoad: 300000, script: 30000}}
Session ID: 24b48cf4-73c3-467c-9299-9981e309feb8
	at org.openqa.selenium.remote.http.W3CHttpResponseCodec.createException(W3CHttpResponseCodec.java:187)
	at org.openqa.selenium.remote.http.W3CHttpResponseCodec.decode(W3CHttpResponseCodec.java:122)
	at org.openqa.selenium.remote.http.W3CHttpResponseCodec.decode(W3CHttpResponseCodec.java:49)
	at org.openqa.selenium.remote.HttpCommandExecutor.execute(HttpCommandExecutor.java:158)
	at org.openqa.selenium.remote.service.DriverCommandExecutor.execute(DriverCommandExecutor.java:83)
	at org.openqa.selenium.remote.RemoteWebDriver.execute(RemoteWebDriver.java:548)
	at org.openqa.selenium.remote.RemoteWebDriver.get(RemoteWebDriver.java:276)
	at org.openqa.selenium.support.events.EventFiringWebDriver.lambda$new$1(EventFiringWebDriver.java:105)
	at com.sun.proxy.$Proxy6.get(Unknown Source)
	at org.openqa.selenium.support.events.EventFiringWebDriver.get(EventFiringWebDriver.java:165)
	at com.automationpractice.base.TestBase.initialization(TestBase.java:66)
	at com.automationpractice.testcases.MyPersonalPageTest.setUp(MyPersonalPageTest.java:36)
... Removed 38 stack frames]]>
    </failure>
  </testcase> <!-- @BeforeMethod setUp -->
  <testcase name="@AfterMethod tearDown" time="0.0" classname="com.automationpractice.testcases.MyPersonalPageTest">
    <skipped/>
  </testcase> <!-- @AfterMethod tearDown -->
  <testcase name="signInTest" time="4.207" classname="com.automationpractice.testcases.LoginPageTest"/>
  <testcase name="loginPageLogoTest" time="0.075" classname="com.automationpractice.testcases.LoginPageTest"/>
  <testcase name="verifyCreateAccountLinkTest" time="3.78" classname="com.automationpractice.testcases.LoginPageTest"/>
  <testcase name="verifyUserLabelTest" time="0.085" classname="com.automationpractice.testcases.MyAccountPageTest"/>
  <testcase name="verifyAccountLabelTest" time="0.082" classname="com.automationpractice.testcases.MyAccountPageTest"/>
  <testcase name="verifyBackToHomeLinkTest" time="2.982" classname="com.automationpractice.testcases.MyAccountPageTest"/>
  <testcase name="verifyOrderHistoryLinkTest" time="4.33" classname="com.automationpractice.testcases.MyAccountPageTest"/>
  <testcase name="verifyCreditSlipsLinkTest" time="1.358" classname="com.automationpractice.testcases.MyAccountPageTest"/>
  <testcase name="verifyMyAddressPageLinkTest" time="1.778" classname="com.automationpractice.testcases.MyAccountPageTest"/>
  <testcase name="verifyMyPersonalPageLinkTest" time="1.807" classname="com.automationpractice.testcases.MyAccountPageTest"/>
  <testcase name="verifyMyWishListPageLinkTest" time="1.913" classname="com.automationpractice.testcases.MyAccountPageTest"/>
  <testcase name="verifyMyPersonalPageTitleTest" time="0.006" classname="com.automationpractice.testcases.MyPersonalPageTest"/>
  <testcase name="verifyMyPersonalLabelTest" time="0.099" classname="com.automationpractice.testcases.MyPersonalPageTest"/>
  <testcase name="verifyBackToHomeLinkTest" time="2.644" classname="com.automationpractice.testcases.MyPersonalPageTest"/>
  <testcase name="verifyBackToAccountLinkTest" time="0.0" classname="com.automationpractice.testcases.MyPersonalPageTest">
    <skipped/>
  </testcase> <!-- verifyBackToAccountLinkTest -->
  <testcase name="verifyUserRegistrationTest" time="15.181" classname="com.automationpractice.testcases.UserRegistrationPageTest"/>
</testsuite> <!-- Automation Practice App Test Cases -->
