<html>
<head>
<title>TestNG:  Automation Practice App Test Cases</title>
<link href="../testng.css" rel="stylesheet" type="text/css" />
<link href="../my-testng.css" rel="stylesheet" type="text/css" />

<style type="text/css">
.log { display: none;} 
.stack-trace { display: none;} 
</style>
<script type="text/javascript">
<!--
function flip(e) {
  current = e.style.display;
  if (current == 'block') {
    e.style.display = 'none';
    return 0;
  }
  else {
    e.style.display = 'block';
    return 1;
  }
}

function toggleBox(szDivId, elem, msg1, msg2)
{
  var res = -1;  if (document.getElementById) {
    res = flip(document.getElementById(szDivId));
  }
  else if (document.all) {
    // this is the way old msie versions work
    res = flip(document.all[szDivId]);
  }
  if(elem) {
    if(res == 0) elem.innerHTML = msg1; else elem.innerHTML = msg2;
  }

}

function toggleAllBoxes() {
  if (document.getElementsByTagName) {
    d = document.getElementsByTagName('div');
    for (i = 0; i < d.length; i++) {
      if (d[i].className == 'log') {
        flip(d[i]);
      }
    }
  }
}

// -->
</script>

</head>
<body>
<h2 align='center'>Automation Practice App Test Cases</h2><table border='1' align="center">
<tr>
<td>Tests passed/Failed/Skipped:</td><td>15/0/1</td>
</tr><tr>
<td>Started on:</td><td>Sun Sep 09 22:48:49 IST 2018</td>
</tr>
<tr><td>Total time:</td><td>394 seconds (394980 ms)</td>
</tr><tr>
<td>Included groups:</td><td></td>
</tr><tr>
<td>Excluded groups:</td><td></td>
</tr>
</table><p/>
<small><i>(Hover the method name to see the test class name)</i></small><p/>
<table width='100%' border='1' class='invocation-failed'>
<tr><td colspan='4' align='center'><b>FAILED CONFIGURATIONS</b></td></tr>
<tr><td><b>Test method</b></td>
<td width="30%"><b>Exception</b></td>
<td width="10%"><b>Time (seconds)</b></td>
<td><b>Instance</b></td>
</tr>
<tr>
<td title='com.automationpractice.testcases.MyPersonalPageTest.setUp()'><b>setUp</b><br>Test class: com.automationpractice.testcases.MyPersonalPageTest</td>
<td><div><pre>org.openqa.selenium.TimeoutException: Timeout loading page after 20000ms
Build info: version: &apos;3.13.0&apos;, revision: &apos;2f0d292&apos;, time: &apos;2018-06-25T15:24:21.231Z&apos;
System info: host: &apos;RCBAN0045&apos;, ip: &apos;192.168.218.1&apos;, os.name: &apos;Windows 10&apos;, os.arch: &apos;amd64&apos;, os.version: &apos;10.0&apos;, java.version: &apos;1.8.0_171&apos;
Driver info: org.openqa.selenium.firefox.FirefoxDriver
Capabilities {acceptInsecureCerts: true, browserName: firefox, browserVersion: 62.0, javascriptEnabled: true, moz:accessibilityChecks: false, moz:headless: false, moz:processID: 14444, moz:profile: C:\Users\Ganesh\AppData\Loc..., moz:useNonSpecCompliantPointerOrigin: false, moz:webdriverClick: true, pageLoadStrategy: normal, platform: XP, platformName: XP, platformVersion: 10.0, rotatable: false, timeouts: {implicit: 0, pageLoad: 300000, script: 30000}}
Session ID: 24b48cf4-73c3-467c-9299-9981e309feb8
	at org.openqa.selenium.remote.http.W3CHttpResponseCodec.createException(W3CHttpResponseCodec.java:187)
	at org.openqa.selenium.remote.http.W3CHttpResponseCodec.decode(W3CHttpResponseCodec.java:122)
	at org.openqa.selenium.remote.http.W3CHttpResponseCodec.decode(W3CHttpResponseCodec.java:49)
	at org.openqa.selenium.remote.HttpCommandExecutor.execute(HttpCommandExecutor.java:158)
	at org.openqa.selenium.remote.service.DriverCommandExecutor.execute(DriverCommandExecutor.java:83)
	at org.openqa.selenium.remote.RemoteWebDriver.execute(RemoteWebDriver.java:548)
	at org.openqa.selenium.remote.RemoteWebDriver.get(RemoteWebDriver.java:276)
	at org.openqa.selenium.support.events.EventFiringWebDriver.lambda$new$1(EventFiringWebDriver.java:105)
	at com.sun.proxy.$Proxy6.get(Unknown Source)
	at org.openqa.selenium.support.events.EventFiringWebDriver.get(EventFiringWebDriver.java:165)
	at com.automationpractice.base.TestBase.initialization(TestBase.java:66)
	at com.automationpractice.testcases.MyPersonalPageTest.setUp(MyPersonalPageTest.java:36)
... Removed 38 stack frames</pre></div><a href='#' onClick='toggleBox("stack-trace49477935", this, "Click to show all stack frames", "Click to hide stack frames")'>Click to show all stack frames</a>
<div class='stack-trace' id='stack-trace49477935'><pre>org.openqa.selenium.TimeoutException: Timeout loading page after 20000ms
Build info: version: &apos;3.13.0&apos;, revision: &apos;2f0d292&apos;, time: &apos;2018-06-25T15:24:21.231Z&apos;
System info: host: &apos;RCBAN0045&apos;, ip: &apos;192.168.218.1&apos;, os.name: &apos;Windows 10&apos;, os.arch: &apos;amd64&apos;, os.version: &apos;10.0&apos;, java.version: &apos;1.8.0_171&apos;
Driver info: org.openqa.selenium.firefox.FirefoxDriver
Capabilities {acceptInsecureCerts: true, browserName: firefox, browserVersion: 62.0, javascriptEnabled: true, moz:accessibilityChecks: false, moz:headless: false, moz:processID: 14444, moz:profile: C:\Users\Ganesh\AppData\Loc..., moz:useNonSpecCompliantPointerOrigin: false, moz:webdriverClick: true, pageLoadStrategy: normal, platform: XP, platformName: XP, platformVersion: 10.0, rotatable: false, timeouts: {implicit: 0, pageLoad: 300000, script: 30000}}
Session ID: 24b48cf4-73c3-467c-9299-9981e309feb8
	at sun.reflect.NativeConstructorAccessorImpl.newInstance0(Native Method)
	at sun.reflect.NativeConstructorAccessorImpl.newInstance(NativeConstructorAccessorImpl.java:62)
	at sun.reflect.DelegatingConstructorAccessorImpl.newInstance(DelegatingConstructorAccessorImpl.java:45)
	at java.lang.reflect.Constructor.newInstance(Constructor.java:423)
	at org.openqa.selenium.remote.http.W3CHttpResponseCodec.createException(W3CHttpResponseCodec.java:187)
	at org.openqa.selenium.remote.http.W3CHttpResponseCodec.decode(W3CHttpResponseCodec.java:122)
	at org.openqa.selenium.remote.http.W3CHttpResponseCodec.decode(W3CHttpResponseCodec.java:49)
	at org.openqa.selenium.remote.HttpCommandExecutor.execute(HttpCommandExecutor.java:158)
	at org.openqa.selenium.remote.service.DriverCommandExecutor.execute(DriverCommandExecutor.java:83)
	at org.openqa.selenium.remote.RemoteWebDriver.execute(RemoteWebDriver.java:548)
	at org.openqa.selenium.remote.RemoteWebDriver.get(RemoteWebDriver.java:276)
	at sun.reflect.NativeMethodAccessorImpl.invoke0(Native Method)
	at sun.reflect.NativeMethodAccessorImpl.invoke(NativeMethodAccessorImpl.java:62)
	at sun.reflect.DelegatingMethodAccessorImpl.invoke(DelegatingMethodAccessorImpl.java:43)
	at java.lang.reflect.Method.invoke(Method.java:498)
	at org.openqa.selenium.support.events.EventFiringWebDriver.lambda$new$1(EventFiringWebDriver.java:105)
	at com.sun.proxy.$Proxy6.get(Unknown Source)
	at org.openqa.selenium.support.events.EventFiringWebDriver.get(EventFiringWebDriver.java:165)
	at com.automationpractice.base.TestBase.initialization(TestBase.java:66)
	at com.automationpractice.testcases.MyPersonalPageTest.setUp(MyPersonalPageTest.java:36)
	at sun.reflect.NativeMethodAccessorImpl.invoke0(Native Method)
	at sun.reflect.NativeMethodAccessorImpl.invoke(NativeMethodAccessorImpl.java:62)
	at sun.reflect.DelegatingMethodAccessorImpl.invoke(DelegatingMethodAccessorImpl.java:43)
	at java.lang.reflect.Method.invoke(Method.java:498)
	at org.testng.internal.MethodInvocationHelper.invokeMethod(MethodInvocationHelper.java:86)
	at org.testng.internal.Invoker.invokeConfigurationMethod(Invoker.java:514)
	at org.testng.internal.Invoker.invokeConfigurations(Invoker.java:215)
	at org.testng.internal.Invoker.invokeMethod(Invoker.java:589)
	at org.testng.internal.Invoker.invokeTestMethod(Invoker.java:820)
	at org.testng.internal.Invoker.invokeTestMethods(Invoker.java:1128)
	at org.testng.internal.TestMethodWorker.invokeTestMethods(TestMethodWorker.java:129)
	at org.testng.internal.TestMethodWorker.run(TestMethodWorker.java:112)
	at org.testng.TestRunner.privateRun(TestRunner.java:782)
	at org.testng.TestRunner.run(TestRunner.java:632)
	at org.testng.SuiteRunner.runTest(SuiteRunner.java:366)
	at org.testng.SuiteRunner.runSequentially(SuiteRunner.java:361)
	at org.testng.SuiteRunner.privateRun(SuiteRunner.java:319)
	at org.testng.SuiteRunner.run(SuiteRunner.java:268)
	at org.testng.SuiteRunnerWorker.runSuite(SuiteRunnerWorker.java:52)
	at org.testng.SuiteRunnerWorker.run(SuiteRunnerWorker.java:86)
	at org.testng.TestNG.runSuitesSequentially(TestNG.java:1244)
	at org.testng.TestNG.runSuitesLocally(TestNG.java:1169)
	at org.testng.TestNG.run(TestNG.java:1064)
	at org.apache.maven.surefire.testng.TestNGExecutor.run(TestNGExecutor.java:283)
	at org.apache.maven.surefire.testng.TestNGXmlTestSuite.execute(TestNGXmlTestSuite.java:75)
	at org.apache.maven.surefire.testng.TestNGProvider.invoke(TestNGProvider.java:120)
	at org.apache.maven.surefire.booter.ForkedBooter.invokeProviderInSameClassLoader(ForkedBooter.java:383)
	at org.apache.maven.surefire.booter.ForkedBooter.runSuitesInProcess(ForkedBooter.java:344)
	at org.apache.maven.surefire.booter.ForkedBooter.execute(ForkedBooter.java:125)
	at org.apache.maven.surefire.booter.ForkedBooter.main(ForkedBooter.java:417)
</pre></div></td>
<td>0</td>
<td>com.automationpractice.testcases.MyPersonalPageTest@39fb3ab6</td></tr>
</table><p>
<table width='100%' border='1' class='invocation-skipped'>
<tr><td colspan='4' align='center'><b>SKIPPED CONFIGURATIONS</b></td></tr>
<tr><td><b>Test method</b></td>
<td width="30%"><b>Exception</b></td>
<td width="10%"><b>Time (seconds)</b></td>
<td><b>Instance</b></td>
</tr>
<tr>
<td title='com.automationpractice.testcases.MyPersonalPageTest.tearDown()'><b>tearDown</b><br>Test class: com.automationpractice.testcases.MyPersonalPageTest</td>
<td></td>
<td>0</td>
<td>com.automationpractice.testcases.MyPersonalPageTest@39fb3ab6</td></tr>
</table><p>
<table width='100%' border='1' class='invocation-passed'>
<tr><td colspan='4' align='center'><b>PASSED TESTS</b></td></tr>
<tr><td><b>Test method</b></td>
<td width="30%"><b>Exception</b></td>
<td width="10%"><b>Time (seconds)</b></td>
<td><b>Instance</b></td>
</tr>
<tr>
<td title='com.automationpractice.testcases.LoginPageTest.loginPageLogoTest()'><b>loginPageLogoTest</b><br>Test class: com.automationpractice.testcases.LoginPageTest</td>
<td></td>
<td>0</td>
<td>com.automationpractice.testcases.LoginPageTest@59e84876</td></tr>
<tr>
<td title='com.automationpractice.testcases.LoginPageTest.signInTest()'><b>signInTest</b><br>Test class: com.automationpractice.testcases.LoginPageTest</td>
<td></td>
<td>4</td>
<td>com.automationpractice.testcases.LoginPageTest@59e84876</td></tr>
<tr>
<td title='com.automationpractice.testcases.MyAccountPageTest.verifyAccountLabelTest()'><b>verifyAccountLabelTest</b><br>Test class: com.automationpractice.testcases.MyAccountPageTest</td>
<td></td>
<td>0</td>
<td>com.automationpractice.testcases.MyAccountPageTest@61a485d2</td></tr>
<tr>
<td title='com.automationpractice.testcases.MyAccountPageTest.verifyBackToHomeLinkTest()'><b>verifyBackToHomeLinkTest</b><br>Test class: com.automationpractice.testcases.MyAccountPageTest</td>
<td></td>
<td>2</td>
<td>com.automationpractice.testcases.MyAccountPageTest@61a485d2</td></tr>
<tr>
<td title='com.automationpractice.testcases.MyPersonalPageTest.verifyBackToHomeLinkTest()'><b>verifyBackToHomeLinkTest</b><br>Test class: com.automationpractice.testcases.MyPersonalPageTest</td>
<td></td>
<td>2</td>
<td>com.automationpractice.testcases.MyPersonalPageTest@39fb3ab6</td></tr>
<tr>
<td title='com.automationpractice.testcases.LoginPageTest.verifyCreateAccountLinkTest()'><b>verifyCreateAccountLinkTest</b><br>Test class: com.automationpractice.testcases.LoginPageTest</td>
<td></td>
<td>3</td>
<td>com.automationpractice.testcases.LoginPageTest@59e84876</td></tr>
<tr>
<td title='com.automationpractice.testcases.MyAccountPageTest.verifyCreditSlipsLinkTest()'><b>verifyCreditSlipsLinkTest</b><br>Test class: com.automationpractice.testcases.MyAccountPageTest</td>
<td></td>
<td>1</td>
<td>com.automationpractice.testcases.MyAccountPageTest@61a485d2</td></tr>
<tr>
<td title='com.automationpractice.testcases.MyAccountPageTest.verifyMyAddressPageLinkTest()'><b>verifyMyAddressPageLinkTest</b><br>Test class: com.automationpractice.testcases.MyAccountPageTest</td>
<td></td>
<td>1</td>
<td>com.automationpractice.testcases.MyAccountPageTest@61a485d2</td></tr>
<tr>
<td title='com.automationpractice.testcases.MyPersonalPageTest.verifyMyPersonalLabelTest()'><b>verifyMyPersonalLabelTest</b><br>Test class: com.automationpractice.testcases.MyPersonalPageTest</td>
<td></td>
<td>0</td>
<td>com.automationpractice.testcases.MyPersonalPageTest@39fb3ab6</td></tr>
<tr>
<td title='com.automationpractice.testcases.MyAccountPageTest.verifyMyPersonalPageLinkTest()'><b>verifyMyPersonalPageLinkTest</b><br>Test class: com.automationpractice.testcases.MyAccountPageTest</td>
<td></td>
<td>1</td>
<td>com.automationpractice.testcases.MyAccountPageTest@61a485d2</td></tr>
<tr>
<td title='com.automationpractice.testcases.MyPersonalPageTest.verifyMyPersonalPageTitleTest()'><b>verifyMyPersonalPageTitleTest</b><br>Test class: com.automationpractice.testcases.MyPersonalPageTest</td>
<td></td>
<td>0</td>
<td>com.automationpractice.testcases.MyPersonalPageTest@39fb3ab6</td></tr>
<tr>
<td title='com.automationpractice.testcases.MyAccountPageTest.verifyMyWishListPageLinkTest()'><b>verifyMyWishListPageLinkTest</b><br>Test class: com.automationpractice.testcases.MyAccountPageTest</td>
<td></td>
<td>1</td>
<td>com.automationpractice.testcases.MyAccountPageTest@61a485d2</td></tr>
<tr>
<td title='com.automationpractice.testcases.MyAccountPageTest.verifyOrderHistoryLinkTest()'><b>verifyOrderHistoryLinkTest</b><br>Test class: com.automationpractice.testcases.MyAccountPageTest</td>
<td></td>
<td>4</td>
<td>com.automationpractice.testcases.MyAccountPageTest@61a485d2</td></tr>
<tr>
<td title='com.automationpractice.testcases.MyAccountPageTest.verifyUserLabelTest()'><b>verifyUserLabelTest</b><br>Test class: com.automationpractice.testcases.MyAccountPageTest</td>
<td></td>
<td>0</td>
<td>com.automationpractice.testcases.MyAccountPageTest@61a485d2</td></tr>
<tr>
<td title='com.automationpractice.testcases.UserRegistrationPageTest.verifyUserRegistrationTest()'><b>verifyUserRegistrationTest</b><br>Test class: com.automationpractice.testcases.UserRegistrationPageTest</td>
<td></td>
<td>15</td>
<td>com.automationpractice.testcases.UserRegistrationPageTest@6276ae34</td></tr>
</table><p>
<table width='100%' border='1' class='invocation-skipped'>
<tr><td colspan='4' align='center'><b>SKIPPED TESTS</b></td></tr>
<tr><td><b>Test method</b></td>
<td width="30%"><b>Exception</b></td>
<td width="10%"><b>Time (seconds)</b></td>
<td><b>Instance</b></td>
</tr>
<tr>
<td title='com.automationpractice.testcases.MyPersonalPageTest.verifyBackToAccountLinkTest()'><b>verifyBackToAccountLinkTest</b><br>Test class: com.automationpractice.testcases.MyPersonalPageTest</td>
<td></td>
<td>0</td>
<td>com.automationpractice.testcases.MyPersonalPageTest@39fb3ab6</td></tr>
</table><p>
</body>
</html>